#
# A fatal error has been detected by the Java Runtime Environment:
#
#  EXCEPTION_ACCESS_VIOLATION (0xc0000005) at pc=0x00007fffe7c7fa2a, pid=10312, tid=8468
#
# JRE version: OpenJDK Runtime Environment Temurin-17.0.4.1+1 (17.0.4.1+1) (build 17.0.4.1+1)
# Java VM: OpenJDK 64-Bit Server VM Temurin-17.0.4.1+1 (17.0.4.1+1, mixed mode, emulated-client, tiered, compressed oops, compressed class ptrs, g1 gc, windows-amd64)
# Problematic frame:
# V  [jvm.dll+0x79fa2a]
#
# No core dump will be written. Minidumps are not enabled by default on client versions of Windows
#
# If you would like to submit a bug report, please visit:
#   https://github.com/adoptium/adoptium-support/issues
#

---------------  S U M M A R Y ------------

Command Line: -XX:+ShowCodeDetailsInExceptionMessages -agentlib:jdwp=transport=dt_socket,suspend=y,address=localhost:51969 -Dcom.sun.management.jmxremote -Dcom.sun.management.jmxremote.port=51968 -Dcom.sun.management.jmxremote.authenticate=false -Dcom.sun.management.jmxremote.ssl=false -Djava.rmi.server.hostname=localhost -Dspring.jmx.enabled=true -Dspring.application.admin.enabled=true -XX:TieredStopAtLevel=1 -Dspring.boot.project.name=sportyshoes -javaagent:D:\Spring Tool Suite\sts-4.16.1.RELEASE\configuration\org.eclipse.osgi\268\0\.cp\lib\javaagent-shaded.jar -Dfile.encoding=UTF-8 com.simplilearn.sportyshoes.SportyshoesApplication --spring.output.ansi.enabled=always

Host: Intel(R) Core(TM) i5-10300H CPU @ 2.50GHz, 8 cores, 7G,  Windows 11 , 64 bit Build 22621 (10.0.22621.755)
Time: Sat Nov 26 02:09:24 2022 Arab Standard Time elapsed time: 62.014722 seconds (0d 0h 1m 2s)

---------------  T H R E A D  ---------------

Current thread (0x0000023fe563c330):  JavaThread "JDWP Transport Listener: dt_socket" daemon [_thread_in_vm, id=8468, stack(0x000000a4fb300000,0x000000a4fb400000)]

Stack: [0x000000a4fb300000,0x000000a4fb400000],  sp=0x000000a4fb3ff730,  free space=1021k
Native frames: (J=compiled Java code, j=interpreted, Vv=VM code, C=native code)
V  [jvm.dll+0x79fa2a]
V  [jvm.dll+0x50965c]
V  [jvm.dll+0x4d0cc4]
C  [jdwp.dll+0x22f7b]


siginfo: EXCEPTION_ACCESS_VIOLATION (0xc0000005), reading address 0x0000000000460005


Register to memory mapping:

RIP=0x00007fffe7c7fa2a jvm.dll
RAX=0x0000000000000045 is an unknown value
RBX=0x0000023fe545d313 points into unknown readable memory: 00 00 00 00 00
RCX=0x0000000000460001 is an unknown value
RDX=0x0000023fe9d0c640 points into unknown readable memory: 0x6d69732f6d6f634c | 4c 63 6f 6d 2f 73 69 6d
RSP=0x000000a4fb3ff730 is pointing into the stack for thread: 0x0000023fe563c330
RBP=0x0000023fe5621b10 points into unknown readable memory: 0x0043005000000002 | 02 00 00 00 50 00 43 00
RSI=0x0 is NULL
RDI=0xffffffffffffffff is an unknown value
R8 =0x00000000000000df is an unknown value
R9 =0x0000000000000040 is an unknown value
R10=0x00000000000000c0 is an unknown value
R11=0x000000a4fb3ff750 is pointing into the stack for thread: 0x0000023fe563c330
R12=0x000000a4fb3ff888 is pointing into the stack for thread: 0x0000023fe563c330
R13=0x0 is NULL
R14=0x00000001004b6568 is a pointer to class: 
com.simplilearn.sportyshoes.dao.impl.AdminDaoImpl$AdminRowMapper {0x00000001004b6570}
 - instance size:     2
 - klass size:        70
 - access:            synchronized 
 - state:             fully_initialized
 - name:              'com/simplilearn/sportyshoes/dao/impl/AdminDaoImpl$AdminRowMapper'
 - super:             'java/lang/Object'
 - sub:               
 - arrays:            NULL
 - methods:           Array<T>(0x0000023feb16dc88)
 - method ordering:   Array<T>(0x0000023feb16df08)
 - default_methods:   Array<T>(0x0000000000000000)
 - local interfaces:  Array<T>(0x0000023feb16d430)
 - trans. interfaces: Array<T>(0x0000023feb16d430)
 - constants:         constant pool [81] {0x0000023feb16e550} for 'com/simplilearn/sportyshoes/dao/impl/AdminDaoImpl$AdminRowMapper' cache=0x0000023feb16e858
 - class loader data:  loader data: 0x0000023fe70a8f60 for instance a 'org/springframework/boot/devtools/restart/classloader/RestartClassLoader'{0x0000000082e00938}
 - source file:       'AdminDaoImpl.java'
 - source debug extension:       SMAP
AdminDaoImpl.java
Java
*S jdt
*F
1 AdminDaoImpl.java
2 file:/D:/Spring%20Tool%20Suite/Workspace/sportyshoes/target/classes/
*L
*E

 - class annotations:       Array<T>(0x0000000000000000)
 - class type annotations:  Array<T>(0x0000000000000000)
 - field annotations:       Array<T>(0x0000000000000000)
 - field type annotations:  Array<T>(0x0000000000000000)
 - previous version:  constant pool [81] {0x0000023feb16d128} for 'com/simplilearn/sportyshoes/dao/impl/AdminDaoImpl$AdminRowMapper' (extra) cache=0x0000023feb16d708
 - generic signature: '
[error occurred during error reporting (printing register info), id 0xc0000005, EXCEPTION_ACCESS_VIOLATION (0xc0000005) at pc=0x00007fffe7c80636]

Registers:
RAX=0x0000000000000045, RBX=0x0000023fe545d313, RCX=0x0000000000460001, RDX=0x0000023fe9d0c640
RSP=0x000000a4fb3ff730, RBP=0x0000023fe5621b10, RSI=0x0000000000000000, RDI=0xffffffffffffffff
R8 =0x00000000000000df, R9 =0x0000000000000040, R10=0x00000000000000c0, R11=0x000000a4fb3ff750
R12=0x000000a4fb3ff888, R13=0x0000000000000000, R14=0x00000001004b6568, R15=0x000000a4fb3ff8d8
RIP=0x00007fffe7c7fa2a, EFLAGS=0x0000000000010206

Top of Stack: (sp=0x000000a4fb3ff730)
0x000000a4fb3ff730:   0000000000000040 00000001004b6568
0x000000a4fb3ff740:   0000023fe563c330 0000000000000000
0x000000a4fb3ff750:   ffffffffffffffff 00007fffe79e965c
0x000000a4fb3ff760:   0000023fe545d313 0000023fe545d2d0
0x000000a4fb3ff770:   0000023fe5621b10 0000023fe99ad330
0x000000a4fb3ff780:   0000023fe545d270 00000000000003d8
0x000000a4fb3ff790:   0000023fe545d280 0000023fe545d658
0x000000a4fb3ff7a0:   0000000000000002 000000a4fb3ff888
0x000000a4fb3ff7b0:   0000000000000000 0000000000000000
0x000000a4fb3ff7c0:   0000000086134300 00007fffe79b0cc4
0x000000a4fb3ff7d0:   0000023fe563c330 000000a4fb3ff8d8
0x000000a4fb3ff7e0:   0000023fd6d96100 000000a4fb3ff8d8
0x000000a4fb3ff7f0:   0000023fe563c330 0000000000000000
0x000000a4fb3ff800:   0000023f00000000 0000000000000000
0x000000a4fb3ff810:   000000000000000d 00007ff8310b2f7b
0x000000a4fb3ff820:   000000a4fb3ff8d0 00007ff8310c1600 

Instructions: (pc=0x00007fffe7c7fa2a)
0x00007fffe7c7f92a:   48 83 c4 20 5f e9 bc 69 90 ff cc cc cc cc cc cc
0x00007fffe7c7f93a:   cc cc cc cc cc cc 48 89 5c 24 08 57 48 83 ec 20
0x00007fffe7c7f94a:   83 fa 02 8d 42 06 b9 08 00 00 00 49 8b d8 0f 4e
0x00007fffe7c7f95a:   c1 48 63 c8 48 83 c1 07 83 e1 f8 48 63 f9 49 8b
0x00007fffe7c7f96a:   48 18 48 8b c7 48 f7 d0 48 3b c1 73 16 4c 8d 05
0x00007fffe7c7f97a:   ba 58 17 00 48 8b d7 48 8b cb e8 c7 cc 90 ff 48
0x00007fffe7c7f98a:   8b 4b 18 48 8d 04 39 48 3b 43 20 76 18 45 33 c0
0x00007fffe7c7f99a:   48 8b d7 48 8b cb 48 8b 5c 24 30 48 83 c4 20 5f
0x00007fffe7c7f9aa:   e9 21 c9 90 ff 48 89 43 18 48 8b c1 48 8b 5c 24
0x00007fffe7c7f9ba:   30 48 83 c4 20 5f c3 cc cc cc cc cc cc cc cc cc
0x00007fffe7c7f9ca:   cc cc cc cc cc cc 4c 8b d2 4c 8b d9 45 85 c0 7e
0x00007fffe7c7f9da:   3c 44 0f b7 49 04 41 8d 40 ff 41 3b c1 44 0f 4c
0x00007fffe7c7f9ea:   c8 4d 63 c1 45 85 c9 7e 1f 48 8b c2 4c 2b da 49
0x00007fffe7c7f9fa:   8b d0 0f 1f 40 00 41 0f b6 4c 03 06 88 08 48 8d
0x00007fffe7c7fa0a:   40 01 48 83 ea 01 75 ee 43 c6 04 10 00 49 8b c2
0x00007fffe7c7fa1a:   c3 cc cc cc cc cc 48 89 5c 24 08 57 48 83 ec 20
0x00007fffe7c7fa2a:   0f b7 59 04 48 8b f9 33 d2 48 8d 4b 01 e8 f4 d9
0x00007fffe7c7fa3a:   f2 ff 0f b7 57 04 4c 8b c0 3b da 0f 42 d3 44 8b
0x00007fffe7c7fa4a:   ca 85 d2 74 39 48 2b f8 0f 1f 40 00 66 66 0f 1f
0x00007fffe7c7fa5a:   84 00 00 00 00 00 0f b6 4c 07 06 88 08 48 ff c0
0x00007fffe7c7fa6a:   48 8b c8 49 2b c8 49 3b c9 7c eb 42 c6 04 02 00
0x00007fffe7c7fa7a:   49 8b c0 48 8b 5c 24 30 48 83 c4 20 5f c3 48 8b
0x00007fffe7c7fa8a:   5c 24 30 c6 04 02 00 48 83 c4 20 5f c3 cc cc cc
0x00007fffe7c7fa9a:   cc cc cc cc cc cc 4c 8b d1 45 85 c0 7e 6c 44 0f
0x00007fffe7c7faaa:   b7 49 04 41 8d 40 ff 41 3b c1 44 0f 4c c8 4d 63
0x00007fffe7c7faba:   d9 45 85 c9 7e 22 48 8b ca 4c 2b d2 4d 8b c3 0f
0x00007fffe7c7faca:   1f 80 00 00 00 00 41 0f b6 44 0a 06 88 01 48 8d
0x00007fffe7c7fada:   49 01 49 83 e8 01 75 ee 41 c6 04 13 00 48 c7 c0
0x00007fffe7c7faea:   ff ff ff ff 66 90 48 ff c0 80 3c 02 00 75 f7 48
0x00007fffe7c7fafa:   63 c8 85 c0 48 8b c2 7e 14 80 38 2f 75 03 c6 00
0x00007fffe7c7fb0a:   2e 48 ff c0 48 83 e9 01 75 ef 48 8b c2 c3 cc cc
0x00007fffe7c7fb1a:   cc cc cc cc cc cc 48 83 ec 28 e8 f7 fe ff ff 4c 


Stack slot to memory mapping:
stack at sp + 0 slots: 0x0000000000000040 is an unknown value
stack at sp + 1 slots: 0x00000001004b6568 is a pointer to class: 
com.simplilearn.sportyshoes.dao.impl.AdminDaoImpl$AdminRowMapper {0x00000001004b6570}
 - instance size:     2
 - klass size:        70
 - access:            synchronized 
 - state:             fully_initialized
 - name:              'com/simplilearn/sportyshoes/dao/impl/AdminDaoImpl$AdminRowMapper'
 - super:             'java/lang/Object'
 - sub:               
 - arrays:            NULL
 - methods:           Array<T>(0x0000023feb16dc88)
 - method ordering:   Array<T>(0x0000023feb16df08)
 - default_methods:   Array<T>(0x0000000000000000)
 - local interfaces:  Array<T>(0x0000023feb16d430)
 - trans. interfaces: Array<T>(0x0000023feb16d430)
 - constants:         constant pool [81] {0x0000023feb16e550} for 'com/simplilearn/sportyshoes/dao/impl/AdminDaoImpl$AdminRowMapper' cache=0x0000023feb16e858
 - class loader data:  loader data: 0x0000023fe70a8f60 for instance a 'org/springframework/boot/devtools/restart/classloader/RestartClassLoader'{0x0000000082e00938}
 - source file:       'AdminDaoImpl.java'
 - source debug extension:       SMAP
AdminDaoImpl.java
Java
*S jdt
*F
1 AdminDaoImpl.java
2 file:/D:/Spring%20Tool%20Suite/Workspace/sportyshoes/target/classes/
*L
*E

 - class annotations:       Array<T>(0x0000000000000000)
 - class type annotations:  Array<T>(0x0000000000000000)
 - field annotations:       Array<T>(0x0000000000000000)
 - field type annotations:  Array<T>(0x0000000000000000)
 - previous version:  constant pool [81] {0x0000023feb16d128} for 'com/simplilearn/sportyshoes/dao/impl/AdminDaoImpl$AdminRowMapper' (extra) cache=0x0000023feb16d708
 - generic signature: '
[error occurred during error reporting (inspecting top of stack), id 0xc0000005, EXCEPTION_ACCESS_VIOLATION (0xc0000005) at pc=0x00007fffe7c80636]


---------------  P R O C E S S  ---------------

Threads class SMR info:
_java_thread_list=0x0000023fe7487020, length=46, elements={
0x0000023fe4acef10, 0x0000023fe4ad09e0, 0x0000023fe4aeebe0, 0x0000023fe4aef4a0,
0x0000023fe541e410, 0x0000023fe541ecd0, 0x0000023fe54347d0, 0x0000023fe543d4f0,
0x0000023fe4a778c0, 0x0000023fe563c330, 0x0000023fe56403e0, 0x0000023fe5642ad0,
0x0000023fe5e476c0, 0x0000023fe5ff6220, 0x0000023fe5fc61d0, 0x0000023fe5fc66a0,
0x0000023fe72726d0, 0x0000023fe72aa4b0, 0x0000023fe721c1d0, 0x0000023fe721c6a0,
0x0000023fe721a9c0, 0x0000023fe721ae90, 0x0000023fe721b830, 0x0000023fe721d040,
0x0000023fe721d510, 0x0000023fe721b360, 0x0000023fe721bd00, 0x0000023fe721a020,
0x0000023fe9a0ec30, 0x0000023fe9a0ddc0, 0x0000023fe9a10de0, 0x0000023fe9a10910,
0x0000023fe9a0f100, 0x0000023fe9a0cf50, 0x0000023fe9a112b0, 0x0000023fe9a12120,
0x0000023fe9a11780, 0x0000023fe9a0e760, 0x0000023fe9a0d8f0, 0x0000023fe9a13460,
0x0000023fe9a12ac0, 0x0000023fe9a0d420, 0x0000023fe9a0c0e0, 0x0000023fe9a0ff70,
0x0000023fe9a11c50, 0x0000023fe9a125f0
}

Java Threads: ( => current thread )
  0x0000023fe4acef10 JavaThread "Reference Handler" daemon [_thread_blocked, id=18176, stack(0x000000a4fa800000,0x000000a4fa900000)]
  0x0000023fe4ad09e0 JavaThread "Finalizer" daemon [_thread_blocked, id=18292, stack(0x000000a4fa900000,0x000000a4faa00000)]
  0x0000023fe4aeebe0 JavaThread "Signal Dispatcher" daemon [_thread_blocked, id=16784, stack(0x000000a4faa00000,0x000000a4fab00000)]
  0x0000023fe4aef4a0 JavaThread "Attach Listener" daemon [_thread_blocked, id=30772, stack(0x000000a4fab00000,0x000000a4fac00000)]
  0x0000023fe541e410 JavaThread "Service Thread" daemon [_thread_blocked, id=20292, stack(0x000000a4fac00000,0x000000a4fad00000)]
  0x0000023fe541ecd0 JavaThread "Monitor Deflation Thread" daemon [_thread_blocked, id=11692, stack(0x000000a4fad00000,0x000000a4fae00000)]
  0x0000023fe54347d0 JavaThread "C1 CompilerThread0" daemon [_thread_blocked, id=23780, stack(0x000000a4fae00000,0x000000a4faf00000)]
  0x0000023fe543d4f0 JavaThread "Sweeper thread" daemon [_thread_blocked, id=24784, stack(0x000000a4faf00000,0x000000a4fb000000)]
  0x0000023fe4a778c0 JavaThread "Common-Cleaner" daemon [_thread_blocked, id=29072, stack(0x000000a4fb000000,0x000000a4fb100000)]
=>0x0000023fe563c330 JavaThread "JDWP Transport Listener: dt_socket" daemon [_thread_in_vm, id=8468, stack(0x000000a4fb300000,0x000000a4fb400000)]
  0x0000023fe56403e0 JavaThread "JDWP Event Helper Thread" daemon [_thread_blocked, id=1960, stack(0x000000a4fb400000,0x000000a4fb500000)]
  0x0000023fe5642ad0 JavaThread "JDWP Command Reader" daemon [_thread_in_native, id=30836, stack(0x000000a4fb500000,0x000000a4fb600000)]
  0x0000023fe5e476c0 JavaThread "Notification Thread" daemon [_thread_blocked, id=4436, stack(0x000000a4fb600000,0x000000a4fb700000)]
  0x0000023fe5ff6220 JavaThread "RMI TCP Accept-0" daemon [_thread_in_native, id=25332, stack(0x000000a4fb700000,0x000000a4fb800000)]
  0x0000023fe5fc61d0 JavaThread "RMI TCP Accept-51968" daemon [_thread_in_native, id=16144, stack(0x000000a4fb800000,0x000000a4fb900000)]
  0x0000023fe5fc66a0 JavaThread "RMI TCP Accept-0" daemon [_thread_in_native, id=20892, stack(0x000000a4fb900000,0x000000a4fba00000)]
  0x0000023fe72726d0 JavaThread "RMI TCP Connection(idle)" daemon [_thread_blocked, id=16644, stack(0x000000a4fc600000,0x000000a4fc700000)]
  0x0000023fe72aa4b0 JavaThread "RMI Scheduler(0)" daemon [_thread_blocked, id=30952, stack(0x000000a4fc800000,0x000000a4fc900000)]
  0x0000023fe721c1d0 JavaThread "RMI TCP Connection(10)-127.0.0.1" daemon [_thread_in_native, id=16108, stack(0x000000a4fc900000,0x000000a4fca00000)]
  0x0000023fe721c6a0 JavaThread "JMX server connection timeout 29" daemon [_thread_blocked, id=18068, stack(0x000000a4fcb00000,0x000000a4fcc00000)]
  0x0000023fe721a9c0 JavaThread "Catalina-utility-1" [_thread_blocked, id=31052, stack(0x000000a4fc700000,0x000000a4fc800000)]
  0x0000023fe721ae90 JavaThread "Catalina-utility-2" [_thread_blocked, id=29752, stack(0x000000a4fcc00000,0x000000a4fcd00000)]
  0x0000023fe721b830 JavaThread "container-0" [_thread_blocked, id=20024, stack(0x000000a4fcd00000,0x000000a4fce00000)]
  0x0000023fe721d040 JavaThread "mysql-cj-abandoned-connection-cleanup" daemon [_thread_blocked, id=24804, stack(0x000000a4fce00000,0x000000a4fcf00000)]
  0x0000023fe721d510 JavaThread "File Watcher" daemon [_thread_blocked, id=4564, stack(0x000000a4fcf00000,0x000000a4fd000000)]
  0x0000023fe721b360 JavaThread "Live Reload Server" daemon [_thread_in_native, id=26452, stack(0x000000a4fd100000,0x000000a4fd200000)]
  0x0000023fe721bd00 JavaThread "http-nio-8080-exec-1" daemon [_thread_blocked, id=29612, stack(0x000000a4fd000000,0x000000a4fd100000)]
  0x0000023fe721a020 JavaThread "http-nio-8080-exec-2" daemon [_thread_blocked, id=26892, stack(0x000000a4fd200000,0x000000a4fd300000)]
  0x0000023fe9a0ec30 JavaThread "http-nio-8080-exec-3" daemon [_thread_blocked, id=17836, stack(0x000000a4fd300000,0x000000a4fd400000)]
  0x0000023fe9a0ddc0 JavaThread "http-nio-8080-exec-4" daemon [_thread_blocked, id=25508, stack(0x000000a4fd400000,0x000000a4fd500000)]
  0x0000023fe9a10de0 JavaThread "http-nio-8080-exec-5" daemon [_thread_blocked, id=29680, stack(0x000000a4fd500000,0x000000a4fd600000)]
  0x0000023fe9a10910 JavaThread "http-nio-8080-exec-6" daemon [_thread_blocked, id=19956, stack(0x000000a4fd600000,0x000000a4fd700000)]
  0x0000023fe9a0f100 JavaThread "http-nio-8080-exec-7" daemon [_thread_blocked, id=24920, stack(0x000000a4fd700000,0x000000a4fd800000)]
  0x0000023fe9a0cf50 JavaThread "http-nio-8080-exec-8" daemon [_thread_blocked, id=6620, stack(0x000000a4fd800000,0x000000a4fd900000)]
  0x0000023fe9a112b0 JavaThread "http-nio-8080-exec-9" daemon [_thread_blocked, id=20164, stack(0x000000a4fd900000,0x000000a4fda00000)]
  0x0000023fe9a12120 JavaThread "http-nio-8080-exec-10" daemon [_thread_blocked, id=7976, stack(0x000000a4fda00000,0x000000a4fdb00000)]
  0x0000023fe9a11780 JavaThread "http-nio-8080-Poller" daemon [_thread_in_native, id=18584, stack(0x000000a4fdb00000,0x000000a4fdc00000)]
  0x0000023fe9a0e760 JavaThread "http-nio-8080-Acceptor" daemon [_thread_in_native, id=16768, stack(0x000000a4fdc00000,0x000000a4fdd00000)]
  0x0000023fe9a0d8f0 JavaThread "DestroyJavaVM" [_thread_blocked, id=20952, stack(0x000000a4fa100000,0x000000a4fa200000)]
  0x0000023fe9a13460 JavaThread "RMI TCP Connection(idle)" daemon [_thread_blocked, id=30788, stack(0x000000a4fc500000,0x000000a4fc600000)]
  0x0000023fe9a12ac0 JavaThread "RMI TCP Connection(idle)" daemon [_thread_blocked, id=23328, stack(0x000000a4fdd00000,0x000000a4fde00000)]
  0x0000023fe9a0d420 JavaThread "RMI TCP Connection(idle)" daemon [_thread_blocked, id=31000, stack(0x000000a4fde00000,0x000000a4fdf00000)]
  0x0000023fe9a0c0e0 JavaThread "RMI TCP Connection(idle)" daemon [_thread_blocked, id=30412, stack(0x000000a4fdf00000,0x000000a4fe000000)]
  0x0000023fe9a0ff70 JavaThread "RMI TCP Connection(idle)" daemon [_thread_blocked, id=21164, stack(0x000000a4fe000000,0x000000a4fe100000)]
  0x0000023fe9a11c50 JavaThread "RMI TCP Connection(idle)" daemon [_thread_blocked, id=13236, stack(0x000000a4fe200000,0x000000a4fe300000)]
  0x0000023fe9a125f0 JavaThread "HikariPool-1 housekeeper" daemon [_thread_blocked, id=30292, stack(0x000000a4fb200000,0x000000a4fb300000)]

Other Threads:
  0x0000023fe4b05d20 VMThread "VM Thread" [stack: 0x000000a4fa700000,0x000000a4fa800000] [id=10176]
  0x0000023fd6e23f70 WatcherThread [stack: 0x000000a4fba00000,0x000000a4fbb00000] [id=30456]
  0x0000023fd6e00cb0 GCTaskThread "GC Thread#0" [stack: 0x000000a4fa200000,0x000000a4fa300000] [id=21276]
  0x0000023fe63c72e0 GCTaskThread "GC Thread#1" [stack: 0x000000a4fbc00000,0x000000a4fbd00000] [id=1104]
  0x0000023fe63c7590 GCTaskThread "GC Thread#2" [stack: 0x000000a4fbd00000,0x000000a4fbe00000] [id=5976]
  0x0000023fe63eb7f0 GCTaskThread "GC Thread#3" [stack: 0x000000a4fbe00000,0x000000a4fbf00000] [id=30712]
  0x0000023fe63ebaa0 GCTaskThread "GC Thread#4" [stack: 0x000000a4fbf00000,0x000000a4fc000000] [id=18024]
  0x0000023fe63ebd50 GCTaskThread "GC Thread#5" [stack: 0x000000a4fc000000,0x000000a4fc100000] [id=20412]
  0x0000023fe63ec000 GCTaskThread "GC Thread#6" [stack: 0x000000a4fc100000,0x000000a4fc200000] [id=29748]
  0x0000023fe63ee2c0 GCTaskThread "GC Thread#7" [stack: 0x000000a4fc200000,0x000000a4fc300000] [id=20088]
  0x0000023fd6e12860 ConcurrentGCThread "G1 Main Marker" [stack: 0x000000a4fa300000,0x000000a4fa400000] [id=23040]
  0x0000023fd6e13a10 ConcurrentGCThread "G1 Conc#0" [stack: 0x000000a4fa400000,0x000000a4fa500000] [id=6728]
  0x0000023fe72bf590 ConcurrentGCThread "G1 Conc#1" [stack: 0x000000a4fca00000,0x000000a4fcb00000] [id=5952]
  0x0000023fe49424c0 ConcurrentGCThread "G1 Refine#0" [stack: 0x000000a4fa500000,0x000000a4fa600000] [id=14584]
  0x0000023fe63d8700 ConcurrentGCThread "G1 Refine#1" [stack: 0x000000a4fc300000,0x000000a4fc400000] [id=22164]
  0x0000023fe4942ee0 ConcurrentGCThread "G1 Service" [stack: 0x000000a4fa600000,0x000000a4fa700000] [id=24412]

Threads with active compile tasks:

VM state: not at safepoint (normal execution)

VM Mutex/Monitor currently owned by a thread: None

Heap address: 0x0000000082800000, size: 2008 MB, Compressed Oops mode: 32-bit

CDS archive(s) not mapped
Compressed class space mapped at: 0x0000000100000000-0x0000000140000000, reserved size: 1073741824
Narrow klass base: 0x0000000000000000, Narrow klass shift: 3, Narrow klass range: 0x140000000

GC Precious Log:
 CPUs: 8 total, 8 available
 Memory: 8029M
 Large Page Support: Disabled
 NUMA Support: Disabled
 Compressed Oops: Enabled (32-bit)
 Heap Region Size: 1M
 Heap Min Capacity: 8M
 Heap Initial Capacity: 126M
 Heap Max Capacity: 2008M
 Pre-touch: Disabled
 Parallel Workers: 8
 Concurrent Workers: 2
 Concurrent Refinement Workers: 8
 Periodic GC: Disabled

Heap:
 garbage-first heap   total 61440K, used 40589K [0x0000000082800000, 0x0000000100000000)
  region size 1024K, 23 young (23552K), 3 survivors (3072K)
 Metaspace       used 56750K, committed 57216K, reserved 1105920K
  class space    used 6714K, committed 6976K, reserved 1048576K

Heap Regions: E=young(eden), S=young(survivor), O=old, HS=humongous(starts), HC=humongous(continues), CS=collection set, F=free, OA=open archive, CA=closed archive, TAMS=top-at-mark-start (previous, next)
|   0|0x0000000082800000, 0x0000000082900000, 0x0000000082900000|100%| O|  |TAMS 0x0000000082900000, 0x0000000082800000| Untracked 
|   1|0x0000000082900000, 0x0000000082a00000, 0x0000000082a00000|100%| O|  |TAMS 0x0000000082a00000, 0x0000000082900000| Untracked 
|   2|0x0000000082a00000, 0x0000000082b00000, 0x0000000082b00000|100%| O|  |TAMS 0x0000000082b00000, 0x0000000082a00000| Untracked 
|   3|0x0000000082b00000, 0x0000000082c00000, 0x0000000082c00000|100%| O|  |TAMS 0x0000000082c00000, 0x0000000082b00000| Untracked 
|   4|0x0000000082c00000, 0x0000000082d00000, 0x0000000082d00000|100%| O|  |TAMS 0x0000000082d00000, 0x0000000082c00000| Untracked 
|   5|0x0000000082d00000, 0x0000000082e00000, 0x0000000082e00000|100%| O|  |TAMS 0x0000000082d3ce00, 0x0000000082d00000| Untracked 
|   6|0x0000000082e00000, 0x0000000082f00000, 0x0000000082f00000|100%| O|  |TAMS 0x0000000082f00000, 0x0000000082e00000| Untracked 
|   7|0x0000000082f00000, 0x0000000083000000, 0x0000000083000000|100%| O|  |TAMS 0x0000000083000000, 0x0000000082f00000| Untracked 
|   8|0x0000000083000000, 0x0000000083100000, 0x0000000083100000|100%| O|  |TAMS 0x0000000083000000, 0x0000000083000000| Untracked 
|   9|0x0000000083100000, 0x0000000083200000, 0x0000000083200000|100%| O|  |TAMS 0x0000000083100000, 0x0000000083100000| Untracked 
|  10|0x0000000083200000, 0x0000000083300000, 0x0000000083300000|100%| O|  |TAMS 0x0000000083200000, 0x0000000083200000| Untracked 
|  11|0x0000000083300000, 0x0000000083400000, 0x0000000083400000|100%| O|  |TAMS 0x0000000083300000, 0x0000000083300000| Untracked 
|  12|0x0000000083400000, 0x0000000083500000, 0x0000000083500000|100%| O|  |TAMS 0x0000000083400000, 0x0000000083400000| Untracked 
|  13|0x0000000083500000, 0x0000000083600000, 0x0000000083600000|100%| O|  |TAMS 0x0000000083500000, 0x0000000083500000| Untracked 
|  14|0x0000000083600000, 0x00000000836fa000, 0x0000000083700000| 97%| O|  |TAMS 0x0000000083600000, 0x0000000083600000| Untracked 
|  15|0x0000000083700000, 0x0000000083700000, 0x0000000083800000|  0%| F|  |TAMS 0x0000000083700000, 0x0000000083700000| Untracked 
|  16|0x0000000083800000, 0x0000000083800000, 0x0000000083900000|  0%| F|  |TAMS 0x0000000083800000, 0x0000000083800000| Untracked 
|  17|0x0000000083900000, 0x0000000083a00000, 0x0000000083a00000|100%| O|  |TAMS 0x0000000083900000, 0x0000000083900000| Untracked 
|  18|0x0000000083a00000, 0x0000000083b00000, 0x0000000083b00000|100%| O|  |TAMS 0x0000000083a00000, 0x0000000083a00000| Untracked 
|  19|0x0000000083b00000, 0x0000000083c00000, 0x0000000083c00000|100%| O|  |TAMS 0x0000000083b00000, 0x0000000083b00000| Untracked 
|  20|0x0000000083c00000, 0x0000000083c00000, 0x0000000083d00000|  0%| F|  |TAMS 0x0000000083c00000, 0x0000000083c00000| Untracked 
|  21|0x0000000083d00000, 0x0000000083d00000, 0x0000000083e00000|  0%| F|  |TAMS 0x0000000083d00000, 0x0000000083d00000| Untracked 
|  22|0x0000000083e00000, 0x0000000083e00000, 0x0000000083f00000|  0%| F|  |TAMS 0x0000000083e00000, 0x0000000083e00000| Untracked 
|  23|0x0000000083f00000, 0x0000000083f00000, 0x0000000084000000|  0%| F|  |TAMS 0x0000000083f00000, 0x0000000083f00000| Untracked 
|  24|0x0000000084000000, 0x0000000084000000, 0x0000000084100000|  0%| F|  |TAMS 0x0000000084000000, 0x0000000084000000| Untracked 
|  25|0x0000000084100000, 0x00000000841a9490, 0x0000000084200000| 66%| S|CS|TAMS 0x0000000084100000, 0x0000000084100000| Complete 
|  26|0x0000000084200000, 0x0000000084300000, 0x0000000084300000|100%| S|CS|TAMS 0x0000000084200000, 0x0000000084200000| Complete 
|  27|0x0000000084300000, 0x0000000084300000, 0x0000000084400000|  0%| F|  |TAMS 0x0000000084300000, 0x0000000084300000| Untracked 
|  28|0x0000000084400000, 0x0000000084400000, 0x0000000084500000|  0%| F|  |TAMS 0x0000000084400000, 0x0000000084400000| Untracked 
|  29|0x0000000084500000, 0x0000000084600000, 0x0000000084600000|100%| S|CS|TAMS 0x0000000084500000, 0x0000000084500000| Complete 
|  30|0x0000000084600000, 0x0000000084600000, 0x0000000084700000|  0%| F|  |TAMS 0x0000000084600000, 0x0000000084600000| Untracked 
|  31|0x0000000084700000, 0x0000000084700000, 0x0000000084800000|  0%| F|  |TAMS 0x0000000084700000, 0x0000000084700000| Untracked 
|  32|0x0000000084800000, 0x0000000084800000, 0x0000000084900000|  0%| F|  |TAMS 0x0000000084800000, 0x0000000084800000| Untracked 
|  33|0x0000000084900000, 0x0000000084900000, 0x0000000084a00000|  0%| F|  |TAMS 0x0000000084900000, 0x0000000084900000| Untracked 
|  34|0x0000000084a00000, 0x0000000084a00000, 0x0000000084b00000|  0%| F|  |TAMS 0x0000000084a00000, 0x0000000084a00000| Untracked 
|  35|0x0000000084b00000, 0x0000000084b00000, 0x0000000084c00000|  0%| F|  |TAMS 0x0000000084b00000, 0x0000000084b00000| Untracked 
|  36|0x0000000084c00000, 0x0000000084c00000, 0x0000000084d00000|  0%| F|  |TAMS 0x0000000084c00000, 0x0000000084c00000| Untracked 
|  37|0x0000000084d00000, 0x0000000084d00000, 0x0000000084e00000|  0%| F|  |TAMS 0x0000000084d00000, 0x0000000084d00000| Untracked 
|  38|0x0000000084e00000, 0x0000000084e00000, 0x0000000084f00000|  0%| F|  |TAMS 0x0000000084e00000, 0x0000000084e00000| Untracked 
|  39|0x0000000084f00000, 0x0000000084f00000, 0x0000000085000000|  0%| F|  |TAMS 0x0000000084f00000, 0x0000000084f00000| Untracked 
|  40|0x0000000085000000, 0x00000000850787b8, 0x0000000085100000| 47%| E|  |TAMS 0x0000000085000000, 0x0000000085000000| Complete 
|  41|0x0000000085100000, 0x0000000085200000, 0x0000000085200000|100%| E|CS|TAMS 0x0000000085100000, 0x0000000085100000| Complete 
|  42|0x0000000085200000, 0x0000000085300000, 0x0000000085300000|100%| E|CS|TAMS 0x0000000085200000, 0x0000000085200000| Complete 
|  43|0x0000000085300000, 0x0000000085400000, 0x0000000085400000|100%| E|CS|TAMS 0x0000000085300000, 0x0000000085300000| Complete 
|  44|0x0000000085400000, 0x0000000085500000, 0x0000000085500000|100%| E|CS|TAMS 0x0000000085400000, 0x0000000085400000| Complete 
|  45|0x0000000085500000, 0x0000000085600000, 0x0000000085600000|100%| E|CS|TAMS 0x0000000085500000, 0x0000000085500000| Complete 
|  46|0x0000000085600000, 0x0000000085700000, 0x0000000085700000|100%| E|CS|TAMS 0x0000000085600000, 0x0000000085600000| Complete 
|  47|0x0000000085700000, 0x0000000085800000, 0x0000000085800000|100%| E|CS|TAMS 0x0000000085700000, 0x0000000085700000| Complete 
|  48|0x0000000085800000, 0x0000000085900000, 0x0000000085900000|100%| E|CS|TAMS 0x0000000085800000, 0x0000000085800000| Complete 
|  49|0x0000000085900000, 0x0000000085a00000, 0x0000000085a00000|100%| E|CS|TAMS 0x0000000085900000, 0x0000000085900000| Complete 
|  50|0x0000000085a00000, 0x0000000085b00000, 0x0000000085b00000|100%| E|CS|TAMS 0x0000000085a00000, 0x0000000085a00000| Complete 
|  51|0x0000000085b00000, 0x0000000085c00000, 0x0000000085c00000|100%| E|CS|TAMS 0x0000000085b00000, 0x0000000085b00000| Complete 
|  52|0x0000000085c00000, 0x0000000085d00000, 0x0000000085d00000|100%| E|CS|TAMS 0x0000000085c00000, 0x0000000085c00000| Complete 
|  53|0x0000000085d00000, 0x0000000085e00000, 0x0000000085e00000|100%| E|CS|TAMS 0x0000000085d00000, 0x0000000085d00000| Complete 
|  54|0x0000000085e00000, 0x0000000085f00000, 0x0000000085f00000|100%| E|CS|TAMS 0x0000000085e00000, 0x0000000085e00000| Complete 
|  55|0x0000000085f00000, 0x0000000086000000, 0x0000000086000000|100%| E|CS|TAMS 0x0000000085f00000, 0x0000000085f00000| Complete 
|  56|0x0000000086000000, 0x0000000086100000, 0x0000000086100000|100%| E|CS|TAMS 0x0000000086000000, 0x0000000086000000| Complete 
|  57|0x0000000086100000, 0x0000000086200000, 0x0000000086200000|100%| E|CS|TAMS 0x0000000086100000, 0x0000000086100000| Complete 
|  58|0x0000000086200000, 0x0000000086300000, 0x0000000086300000|100%| E|CS|TAMS 0x0000000086200000, 0x0000000086200000| Complete 
| 125|0x000000008a500000, 0x000000008a600000, 0x000000008a600000|100%| E|CS|TAMS 0x000000008a500000, 0x000000008a500000| Complete 

Card table byte_map: [0x0000023fdd960000,0x0000023fddd50000] _byte_map_base: 0x0000023fdd54c000

Marking Bits (Prev, Next): (CMBitMap*) 0x0000023fd6e022d0, (CMBitMap*) 0x0000023fd6e02310
 Prev Bits: [0x0000023fde140000, 0x0000023fe00a0000)
 Next Bits: [0x0000023fe00a0000, 0x0000023fe2000000)

Polling page: 0x0000023fd4d70000

Metaspace:

Usage:
  Non-class:     48.86 MB used.
      Class:      6.56 MB used.
       Both:     55.42 MB used.

Virtual space:
  Non-class space:       56.00 MB reserved,      49.06 MB ( 88%) committed,  7 nodes.
      Class space:        1.00 GB reserved,       6.81 MB ( <1%) committed,  1 nodes.
             Both:        1.05 GB reserved,      55.88 MB (  5%) committed. 

Chunk freelists:
   Non-Class:  2.08 MB
       Class:  1.12 MB
        Both:  3.21 MB

MaxMetaspaceSize: unlimited
CompressedClassSpaceSize: 1.00 GB
Initial GC threshold: 21.00 MB
Current GC threshold: 59.62 MB
CDS: off
MetaspaceReclaimPolicy: balanced
 - commit_granule_bytes: 65536.
 - commit_granule_words: 8192.
 - virtual_space_node_default_size: 1048576.
 - enlarge_chunks_in_place: 1.
 - new_chunks_are_fully_committed: 0.
 - uncommit_free_chunks: 1.
 - use_allocation_guard: 0.
 - handle_deallocations: 1.


Internal statistics:

num_allocs_failed_limit: 8.
num_arena_births: 614.
num_arena_deaths: 0.
num_vsnodes_births: 8.
num_vsnodes_deaths: 0.
num_space_committed: 894.
num_space_uncommitted: 0.
num_chunks_returned_to_freelist: 8.
num_chunks_taken_from_freelist: 2244.
num_chunk_merges: 2.
num_chunk_splits: 1490.
num_chunks_enlarged: 1055.
num_purges: 0.
num_inconsistent_stats: 0.

CodeCache: size=49152Kb used=11660Kb max_used=11836Kb free=37491Kb
 bounds [0x0000023fda460000, 0x0000023fdaff0000, 0x0000023fdd460000]
 total_blobs=6305 nmethods=5684 adapters=548
 compilation: enabled
              stopped_count=0, restarted_count=0
 full_count=0

Compilation events (20 events):
Event: 40.462 Thread 0x0000023fe54347d0 5675       1       java.text.Format::format (24 bytes)
Event: 40.462 Thread 0x0000023fe54347d0 nmethod 5675 0x0000023fda5c3790 code [0x0000023fda5c3940, 0x0000023fda5c3b48]
Event: 40.462 Thread 0x0000023fe54347d0 5676       1       java.text.MessageFormat::format (12 bytes)
Event: 40.462 Thread 0x0000023fe54347d0 nmethod 5676 0x0000023fda5c3410 code [0x0000023fda5c35a0, 0x0000023fda5c36e8]
Event: 43.760 Thread 0x0000023fe54347d0 5677       1       java.util.concurrent.locks.ReentrantLock$Sync::isHeldExclusively (16 bytes)
Event: 43.760 Thread 0x0000023fe54347d0 nmethod 5677 0x0000023fda5c3110 code [0x0000023fda5c32a0, 0x0000023fda5c3398]
Event: 45.751 Thread 0x0000023fe54347d0 5678       1       java.util.concurrent.locks.AbstractQueuedSynchronizer$ConditionObject::canReacquire (28 bytes)
Event: 45.751 Thread 0x0000023fe54347d0 nmethod 5678 0x0000023fda5c2d10 code [0x0000023fda5c2ea0, 0x0000023fda5c2ff8]
Event: 51.751 Thread 0x0000023fe54347d0 5679       1       java.util.concurrent.ScheduledThreadPoolExecutor$ScheduledFutureTask::compareTo (9 bytes)
Event: 51.752 Thread 0x0000023fe54347d0 nmethod 5679 0x0000023fda5c2990 code [0x0000023fda5c2b20, 0x0000023fda5c2c68]
Event: 51.752 Thread 0x0000023fe54347d0 5680       1       java.util.concurrent.ScheduledThreadPoolExecutor$ScheduledFutureTask::compareTo (101 bytes)
Event: 51.753 Thread 0x0000023fe54347d0 nmethod 5680 0x0000023fda5c2190 code [0x0000023fda5c2380, 0x0000023fda5c27d8]
Event: 54.752 Thread 0x0000023fe54347d0 5681       1       java.util.concurrent.ThreadPoolExecutor::isShutdown (12 bytes)
Event: 54.752 Thread 0x0000023fe54347d0 nmethod 5681 0x0000023fda5c1e10 code [0x0000023fda5c1fa0, 0x0000023fda5c2098]
Event: 55.436 Thread 0x0000023fe54347d0 5682       1       java.io.FileDescriptor$1::get (5 bytes)
Event: 55.436 Thread 0x0000023fe54347d0 nmethod 5682 0x0000023fda5c1b10 code [0x0000023fda5c1ca0, 0x0000023fda5c1d78]
Event: 55.748 Thread 0x0000023fe54347d0 5683       1       java.util.concurrent.locks.ReentrantLock$NonfairSync::tryAcquire (27 bytes)
Event: 55.748 Thread 0x0000023fe54347d0 nmethod 5683 0x0000023fda5c1790 code [0x0000023fda5c1920, 0x0000023fda5c1a98]
Event: 61.089 Thread 0x0000023fe54347d0 5684       1       java.net.Socket::isConnected (5 bytes)
Event: 61.089 Thread 0x0000023fe54347d0 nmethod 5684 0x0000023fda5c1490 code [0x0000023fda5c1620, 0x0000023fda5c16f8]

GC Heap History (20 events):
Event: 1.941 GC heap before
{Heap before GC invocations=9 (full 0):
 garbage-first heap   total 69632K, used 48003K [0x0000000082800000, 0x0000000100000000)
  region size 1024K, 40 young (40960K), 3 survivors (3072K)
 Metaspace       used 33161K, committed 33536K, reserved 1081344K
  class space    used 4063K, committed 4224K, reserved 1048576K
}
Event: 1.944 GC heap after
{Heap after GC invocations=10 (full 0):
 garbage-first heap   total 69632K, used 12085K [0x0000000082800000, 0x0000000100000000)
  region size 1024K, 5 young (5120K), 5 survivors (5120K)
 Metaspace       used 33161K, committed 33536K, reserved 1081344K
  class space    used 4063K, committed 4224K, reserved 1048576K
}
Event: 2.191 GC heap before
{Heap before GC invocations=10 (full 0):
 garbage-first heap   total 69632K, used 43829K [0x0000000082800000, 0x0000000100000000)
  region size 1024K, 37 young (37888K), 5 survivors (5120K)
 Metaspace       used 35984K, committed 36288K, reserved 1081344K
  class space    used 4375K, committed 4544K, reserved 1048576K
}
Event: 2.195 GC heap after
{Heap after GC invocations=11 (full 0):
 garbage-first heap   total 69632K, used 13769K [0x0000000082800000, 0x0000000100000000)
  region size 1024K, 4 young (4096K), 4 survivors (4096K)
 Metaspace       used 35984K, committed 36288K, reserved 1081344K
  class space    used 4375K, committed 4544K, reserved 1048576K
}
Event: 2.451 GC heap before
{Heap before GC invocations=12 (full 0):
 garbage-first heap   total 51200K, used 42441K [0x0000000082800000, 0x0000000100000000)
  region size 1024K, 33 young (33792K), 4 survivors (4096K)
 Metaspace       used 38619K, committed 38976K, reserved 1089536K
  class space    used 4695K, committed 4864K, reserved 1048576K
}
Event: 2.455 GC heap after
{Heap after GC invocations=13 (full 0):
 garbage-first heap   total 61440K, used 15777K [0x0000000082800000, 0x0000000100000000)
  region size 1024K, 4 young (4096K), 4 survivors (4096K)
 Metaspace       used 38619K, committed 38976K, reserved 1089536K
  class space    used 4695K, committed 4864K, reserved 1048576K
}
Event: 2.472 GC heap before
{Heap before GC invocations=13 (full 0):
 garbage-first heap   total 61440K, used 16801K [0x0000000082800000, 0x0000000100000000)
  region size 1024K, 5 young (5120K), 4 survivors (4096K)
 Metaspace       used 38681K, committed 39040K, reserved 1089536K
  class space    used 4702K, committed 4864K, reserved 1048576K
}
Event: 2.474 GC heap after
{Heap after GC invocations=14 (full 0):
 garbage-first heap   total 61440K, used 15863K [0x0000000082800000, 0x0000000100000000)
  region size 1024K, 1 young (1024K), 1 survivors (1024K)
 Metaspace       used 38681K, committed 39040K, reserved 1089536K
  class space    used 4702K, committed 4864K, reserved 1048576K
}
Event: 2.699 GC heap before
{Heap before GC invocations=14 (full 0):
 garbage-first heap   total 61440K, used 48631K [0x0000000082800000, 0x0000000100000000)
  region size 1024K, 33 young (33792K), 1 survivors (1024K)
 Metaspace       used 40900K, committed 41344K, reserved 1089536K
  class space    used 5024K, committed 5248K, reserved 1048576K
}
Event: 2.702 GC heap after
{Heap after GC invocations=15 (full 0):
 garbage-first heap   total 61440K, used 17435K [0x0000000082800000, 0x0000000100000000)
  region size 1024K, 3 young (3072K), 3 survivors (3072K)
 Metaspace       used 40900K, committed 41344K, reserved 1089536K
  class space    used 5024K, committed 5248K, reserved 1048576K
}
Event: 18.499 GC heap before
{Heap before GC invocations=15 (full 0):
 garbage-first heap   total 61440K, used 47131K [0x0000000082800000, 0x0000000100000000)
  region size 1024K, 33 young (33792K), 3 survivors (3072K)
 Metaspace       used 43970K, committed 44480K, reserved 1089536K
  class space    used 5374K, committed 5632K, reserved 1048576K
}
Event: 18.513 GC heap after
{Heap after GC invocations=16 (full 0):
 garbage-first heap   total 61440K, used 18492K [0x0000000082800000, 0x0000000100000000)
  region size 1024K, 4 young (4096K), 4 survivors (4096K)
 Metaspace       used 43970K, committed 44480K, reserved 1089536K
  class space    used 5374K, committed 5632K, reserved 1048576K
}
Event: 18.813 GC heap before
{Heap before GC invocations=16 (full 0):
 garbage-first heap   total 61440K, used 48188K [0x0000000082800000, 0x0000000100000000)
  region size 1024K, 34 young (34816K), 4 survivors (4096K)
 Metaspace       used 46704K, committed 47168K, reserved 1097728K
  class space    used 5577K, committed 5824K, reserved 1048576K
}
Event: 18.816 GC heap after
{Heap after GC invocations=17 (full 0):
 garbage-first heap   total 61440K, used 20488K [0x0000000082800000, 0x0000000100000000)
  region size 1024K, 4 young (4096K), 4 survivors (4096K)
 Metaspace       used 46704K, committed 47168K, reserved 1097728K
  class space    used 5577K, committed 5824K, reserved 1048576K
}
Event: 18.981 GC heap before
{Heap before GC invocations=17 (full 0):
 garbage-first heap   total 61440K, used 48136K [0x0000000082800000, 0x0000000100000000)
  region size 1024K, 31 young (31744K), 4 survivors (4096K)
 Metaspace       used 49252K, committed 49728K, reserved 1097728K
  class space    used 5835K, committed 6080K, reserved 1048576K
}
Event: 18.983 GC heap after
{Heap after GC invocations=18 (full 0):
 garbage-first heap   total 61440K, used 19900K [0x0000000082800000, 0x0000000100000000)
  region size 1024K, 2 young (2048K), 2 survivors (2048K)
 Metaspace       used 49252K, committed 49728K, reserved 1097728K
  class space    used 5835K, committed 6080K, reserved 1048576K
}
Event: 26.354 GC heap before
{Heap before GC invocations=18 (full 0):
 garbage-first heap   total 61440K, used 48572K [0x0000000082800000, 0x0000000100000000)
  region size 1024K, 31 young (31744K), 2 survivors (2048K)
 Metaspace       used 50650K, committed 51136K, reserved 1097728K
  class space    used 5971K, committed 6208K, reserved 1048576K
}
Event: 26.356 GC heap after
{Heap after GC invocations=19 (full 0):
 garbage-first heap   total 61440K, used 20047K [0x0000000082800000, 0x0000000100000000)
  region size 1024K, 2 young (2048K), 2 survivors (2048K)
 Metaspace       used 50650K, committed 51136K, reserved 1097728K
  class space    used 5971K, committed 6208K, reserved 1048576K
}
Event: 26.604 GC heap before
{Heap before GC invocations=19 (full 0):
 garbage-first heap   total 61440K, used 49743K [0x0000000082800000, 0x0000000100000000)
  region size 1024K, 32 young (32768K), 2 survivors (2048K)
 Metaspace       used 56094K, committed 56512K, reserved 1105920K
  class space    used 6644K, committed 6848K, reserved 1048576K
}
Event: 26.606 GC heap after
{Heap after GC invocations=20 (full 0):
 garbage-first heap   total 61440K, used 21133K [0x0000000082800000, 0x0000000100000000)
  region size 1024K, 3 young (3072K), 3 survivors (3072K)
 Metaspace       used 56094K, committed 56512K, reserved 1105920K
  class space    used 6644K, committed 6848K, reserved 1048576K
}

Deoptimization events (20 events):
Event: 26.622 Thread 0x0000023fe9a0ec30 DEOPT PACKING pc=0x0000023fdab6e694 sp=0x000000a4fd3fb750
Event: 26.622 Thread 0x0000023fe9a0ec30 DEOPT UNPACKING pc=0x0000023fda4b2b43 sp=0x000000a4fd3fad20 mode 1
Event: 26.720 Thread 0x0000023fe9a0e290 DEOPT PACKING pc=0x0000023fda6d553f sp=0x000000a4fbbfdef0
Event: 26.720 Thread 0x0000023fe9a0e290 DEOPT UNPACKING pc=0x0000023fda4b2b43 sp=0x000000a4fbbfd3f8 mode 1
Event: 26.735 Thread 0x0000023fe9a0e290 DEOPT PACKING pc=0x0000023fda6d553f sp=0x000000a4fbbfdef0
Event: 26.735 Thread 0x0000023fe9a0e290 DEOPT UNPACKING pc=0x0000023fda4b2b43 sp=0x000000a4fbbfd3f8 mode 1
Event: 26.749 Thread 0x0000023fe9a0e290 DEOPT PACKING pc=0x0000023fda6136bf sp=0x000000a4fbbfdf80
Event: 26.749 Thread 0x0000023fe9a0e290 DEOPT UNPACKING pc=0x0000023fda4b2b43 sp=0x000000a4fbbfd3f0 mode 1
Event: 26.762 Thread 0x0000023fe9a0e290 DEOPT PACKING pc=0x0000023fda6136bf sp=0x000000a4fbbfdf80
Event: 26.762 Thread 0x0000023fe9a0e290 DEOPT UNPACKING pc=0x0000023fda4b2b43 sp=0x000000a4fbbfd3f0 mode 1
Event: 26.775 Thread 0x0000023fe9a0e290 DEOPT PACKING pc=0x0000023fda6136bf sp=0x000000a4fbbfdf80
Event: 26.775 Thread 0x0000023fe9a0e290 DEOPT UNPACKING pc=0x0000023fda4b2b43 sp=0x000000a4fbbfd3f0 mode 1
Event: 26.789 Thread 0x0000023fe9a0e290 DEOPT PACKING pc=0x0000023fda6136bf sp=0x000000a4fbbfdf80
Event: 26.789 Thread 0x0000023fe9a0e290 DEOPT UNPACKING pc=0x0000023fda4b2b43 sp=0x000000a4fbbfd3f0 mode 1
Event: 26.802 Thread 0x0000023fe9a0e290 DEOPT PACKING pc=0x0000023fda6136bf sp=0x000000a4fbbfdf80
Event: 26.802 Thread 0x0000023fe9a0e290 DEOPT UNPACKING pc=0x0000023fda4b2b43 sp=0x000000a4fbbfd3f0 mode 1
Event: 26.816 Thread 0x0000023fe9a0e290 DEOPT PACKING pc=0x0000023fda6136bf sp=0x000000a4fbbfdf80
Event: 26.816 Thread 0x0000023fe9a0e290 DEOPT UNPACKING pc=0x0000023fda4b2b43 sp=0x000000a4fbbfd3f0 mode 1
Event: 26.828 Thread 0x0000023fe9a0e290 DEOPT PACKING pc=0x0000023fda6136bf sp=0x000000a4fbbfdf80
Event: 26.828 Thread 0x0000023fe9a0e290 DEOPT UNPACKING pc=0x0000023fda4b2b43 sp=0x000000a4fbbfd3f0 mode 1

Classes unloaded (0 events):
No events

Classes redefined (2 events):
Event: 61.968 Thread 0x0000023fe4b05d20 redefined class name=com.simplilearn.sportyshoes.dao.impl.AdminDaoImpl$AdminRowMapper, count=1
Event: 61.968 Thread 0x0000023fe4b05d20 redefined class name=com.simplilearn.sportyshoes.dao.impl.AdminDaoImpl, count=1

Internal exceptions (20 events):
Event: 2.494 Thread 0x0000023fe70ea9d0 Exception <a 'java/lang/ClassNotFoundException'{0x0000000086035f10}: org/springframework/beans/factory/AwareCustomizer> (0x0000000086035f10) 
thrown [s\src\hotspot\share\classfile\systemDictionary.cpp, line 256]
Event: 2.495 Thread 0x0000023fe70ea9d0 Exception <a 'java/lang/ClassNotFoundException'{0x000000008603a978}: org/springframework/web/context/ServletContextAwareCustomizer> (0x000000008603a978) 
thrown [s\src\hotspot\share\classfile\systemDictionary.cpp, line 256]
Event: 2.495 Thread 0x0000023fe70ea9d0 Exception <a 'java/lang/ClassNotFoundException'{0x0000000086040400}: org/springframework/beans/factory/AwareCustomizer> (0x0000000086040400) 
thrown [s\src\hotspot\share\classfile\systemDictionary.cpp, line 256]
Event: 2.557 Thread 0x0000023fe70ea9d0 Exception <a 'java/lang/NoSuchMethodError'{0x0000000085753c50}: 'void java.lang.invoke.DirectMethodHandle$Holder.invokeVirtual(java.lang.Object, java.lang.Object, int)'> (0x0000000085753c50) 
thrown [s\src\hotspot\share\interpreter\linkResolver.cpp, line 759]
Event: 2.558 Thread 0x0000023fe70ea9d0 Exception <a 'java/lang/NoSuchMethodError'{0x000000008576e5b0}: 'void java.lang.invoke.DirectMethodHandle$Holder.invokeVirtual(java.lang.Object, java.lang.Object, long)'> (0x000000008576e5b0) 
thrown [s\src\hotspot\share\interpreter\linkResolver.cpp, line 759]
Event: 2.638 Thread 0x0000023fe70ea9d0 Exception <a 'java/lang/IncompatibleClassChangeError'{0x0000000084a3ba18}: Found class java.lang.Object, but interface was expected> (0x0000000084a3ba18) 
thrown [s\src\hotspot\share\interpreter\linkResolver.cpp, line 826]
Event: 2.658 Thread 0x0000023fe70ea9d0 Exception <a 'java/lang/NoSuchMethodError'{0x00000000847234b8}: 'int java.lang.invoke.DirectMethodHandle$Holder.invokeStaticInit(java.lang.Object, java.lang.Object, java.lang.Object, java.lang.Object)'> (0x00000000847234b8) 
thrown [s\src\hotspot\share\interpreter\linkResolver.cpp, line 759]
Event: 2.728 Thread 0x0000023fe70ea9d0 Exception <a 'java/lang/NoSuchMethodError'{0x0000000086149be8}: 'java.lang.Object java.lang.invoke.DirectMethodHandle$Holder.newInvokeSpecial(java.lang.Object, java.lang.Object, int, java.lang.Object, java.lang.Object)'> (0x0000000086149be8) 
thrown [s\src\hotspot\share\interpreter\linkResolver.cpp, line 759]
Event: 2.729 Thread 0x0000023fe70ea9d0 Exception <a 'java/lang/NoSuchMethodError'{0x0000000086155438}: 'java.lang.Object java.lang.invoke.DirectMethodHandle$Holder.invokeSpecial(java.lang.Object, java.lang.Object, int, java.lang.Object, int, java.lang.Object)'> (0x0000000086155438) 
thrown [s\src\hotspot\share\interpreter\linkResolver.cpp, line 759]
Event: 2.729 Thread 0x0000023fe70ea9d0 Exception <a 'java/lang/NoSuchMethodError'{0x000000008615d4e0}: 'java.lang.Object java.lang.invoke.DirectMethodHandle$Holder.newInvokeSpecial(java.lang.Object, java.lang.Object, int, java.lang.Object, int)'> (0x000000008615d4e0) 
thrown [s\src\hotspot\share\interpreter\linkResolver.cpp, line 759]
Event: 2.729 Thread 0x0000023fe70ea9d0 Exception <a 'java/lang/NoSuchMethodError'{0x00000000861615e0}: 'java.lang.Object java.lang.invoke.DirectMethodHandle$Holder.invokeSpecial(java.lang.Object, java.lang.Object, java.lang.Object, int, java.lang.Object, int)'> (0x00000000861615e0) 
thrown [s\src\hotspot\share\interpreter\linkResolver.cpp, line 759]
Event: 2.730 Thread 0x0000023fe70ea9d0 Exception <a 'java/lang/NoSuchMethodError'{0x0000000086170f98}: 'void java.lang.invoke.DirectMethodHandle$Holder.invokeVirtual(java.lang.Object, java.lang.Object)'> (0x0000000086170f98) 
thrown [s\src\hotspot\share\interpreter\linkResolver.cpp, line 759]
Event: 18.896 Thread 0x0000023fe721a020 Exception <a 'java/lang/ArrayIndexOutOfBoundsException'{0x00000000850278f8}: Index 7283 out of bounds for length 7283> (0x00000000850278f8) 
thrown [s\src\hotspot\share\interpreter\interpreterRuntime.cpp, line 428]
Event: 18.976 Thread 0x0000023fe721a020 Implicit null exception at 0x0000023fda8c2b7c to 0x0000023fda8c4ee1
Event: 19.014 Thread 0x0000023fe721a020 Implicit null exception at 0x0000023fda89dccc to 0x0000023fda89dede
Event: 19.082 Thread 0x0000023fe721a020 Exception <a 'java/lang/ArrayIndexOutOfBoundsException'{0x00000000858548c0}> (0x00000000858548c0) 
thrown [s\src\hotspot\share\runtime\sharedRuntime.cpp, line 628]
Event: 19.162 Thread 0x0000023fe721a020 Exception <a 'java/lang/ArrayIndexOutOfBoundsException'{0x0000000085145cf8}> (0x0000000085145cf8) 
thrown [s\src\hotspot\share\runtime\sharedRuntime.cpp, line 628]
Event: 19.174 Thread 0x0000023fe721a020 Implicit null exception at 0x0000023fdafa63ea to 0x0000023fdafa6fa9
Event: 19.185 Thread 0x0000023fe721a020 Implicit null exception at 0x0000023fdafb49df to 0x0000023fdafb4fbb
Event: 26.476 Thread 0x0000023fe9a0ec30 Exception <a 'sun/nio/fs/WindowsException'{0x00000000850033e8}> (0x00000000850033e8) 
thrown [s\src\hotspot\share\prims\jni.cpp, line 516]

VM Operations (20 events):
Event: 61.947 Executing VM operation: ChangeSingleStep
Event: 61.947 Executing VM operation: ChangeSingleStep done
Event: 61.948 Executing VM operation: ChangeSingleStep
Event: 61.948 Executing VM operation: ChangeSingleStep done
Event: 61.963 Executing VM operation: RedefineClasses
Event: 61.976 Executing VM operation: RedefineClasses done
Event: 61.978 Executing VM operation: ChangeSingleStep
Event: 61.978 Executing VM operation: ChangeSingleStep done
Event: 61.978 Executing VM operation: get/set locals
Event: 61.978 Executing VM operation: get/set locals done
Event: 61.980 Executing VM operation: ChangeSingleStep
Event: 61.980 Executing VM operation: ChangeSingleStep done
Event: 61.983 Executing VM operation: GetObjectMonitorUsage
Event: 61.983 Executing VM operation: GetObjectMonitorUsage done
Event: 61.983 Executing VM operation: GetObjectMonitorUsage
Event: 61.983 Executing VM operation: GetObjectMonitorUsage done
Event: 61.988 Executing VM operation: GetObjectMonitorUsage
Event: 61.988 Executing VM operation: GetObjectMonitorUsage done
Event: 61.989 Executing VM operation: GetObjectMonitorUsage
Event: 61.989 Executing VM operation: GetObjectMonitorUsage done

Events (20 events):
Event: 26.579 loading class javax/security/auth/callback/UnsupportedCallbackException done
Event: 26.579 loading class javax/security/auth/login/Configuration
Event: 26.579 loading class javax/security/auth/login/Configuration done
Event: 26.579 loading class javax/security/auth/callback/Callback
Event: 26.579 loading class javax/security/auth/callback/Callback done
Event: 26.582 loading class sun/security/ssl/PostHandshakeContext
Event: 26.582 loading class sun/security/ssl/PostHandshakeContext done
Event: 26.582 loading class sun/security/ssl/NewSessionTicket$T13NewSessionTicketMessage
Event: 26.582 loading class sun/security/ssl/NewSessionTicket$NewSessionTicketMessage
Event: 26.582 loading class sun/security/ssl/NewSessionTicket$NewSessionTicketMessage done
Event: 26.582 loading class sun/security/ssl/NewSessionTicket$T13NewSessionTicketMessage done
Event: 26.598 Thread 0x0000023fe9a125f0 Thread added: 0x0000023fe9a125f0
Event: 26.598 loading class java/util/concurrent/ThreadPoolExecutor$DiscardOldestPolicy
Event: 26.598 loading class java/util/concurrent/ThreadPoolExecutor$DiscardOldestPolicy done
Event: 26.598 loading class java/util/concurrent/ThreadPoolExecutor$CallerRunsPolicy
Event: 26.598 loading class java/util/concurrent/ThreadPoolExecutor$CallerRunsPolicy done
Event: 26.634 loading class java/util/TimerTask
Event: 26.634 loading class java/util/TimerTask done
Event: 26.707 Thread 0x0000023fe9a0e290 Thread added: 0x0000023fe9a0e290
Event: 31.837 Thread 0x0000023fe9a0e290 Thread exited: 0x0000023fe9a0e290


Dynamic libraries:
0x00007ff7b5b60000 - 0x00007ff7b5b6e000 	D:\Spring Tool Suite\sts-4.16.1.RELEASE\plugins\org.eclipse.justj.openjdk.hotspot.jre.full.win32.x86_64_17.0.4.v20221004-1257\jre\bin\javaw.exe
0x00007ff844d50000 - 0x00007ff844f64000 	C:\WINDOWS\SYSTEM32\ntdll.dll
0x00007ff843f10000 - 0x00007ff843fd2000 	C:\WINDOWS\System32\KERNEL32.DLL
0x00007ff8424e0000 - 0x00007ff84287d000 	C:\WINDOWS\System32\KERNELBASE.dll
0x00007ff842320000 - 0x00007ff842431000 	C:\WINDOWS\System32\ucrtbase.dll
0x00007ff83d5a0000 - 0x00007ff83d5b8000 	D:\Spring Tool Suite\sts-4.16.1.RELEASE\plugins\org.eclipse.justj.openjdk.hotspot.jre.full.win32.x86_64_17.0.4.v20221004-1257\jre\bin\jli.dll
0x00007ff83caa0000 - 0x00007ff83cab9000 	D:\Spring Tool Suite\sts-4.16.1.RELEASE\plugins\org.eclipse.justj.openjdk.hotspot.jre.full.win32.x86_64_17.0.4.v20221004-1257\jre\bin\VCRUNTIME140.dll
0x00007ff842c90000 - 0x00007ff842e3a000 	C:\WINDOWS\System32\USER32.dll
0x00007ff842ab0000 - 0x00007ff842ad6000 	C:\WINDOWS\System32\win32u.dll
0x00007ff8325d0000 - 0x00007ff83285e000 	C:\WINDOWS\WinSxS\amd64_microsoft.windows.common-controls_6595b64144ccf1df_6.0.22621.608_none_a9444ca7c10bb01d\COMCTL32.dll
0x00007ff843660000 - 0x00007ff843689000 	C:\WINDOWS\System32\GDI32.dll
0x00007ff843d50000 - 0x00007ff843df7000 	C:\WINDOWS\System32\msvcrt.dll
0x00007ff842200000 - 0x00007ff842312000 	C:\WINDOWS\System32\gdi32full.dll
0x00007ff842440000 - 0x00007ff8424da000 	C:\WINDOWS\System32\msvcp_win.dll
0x00007ff844840000 - 0x00007ff844872000 	C:\WINDOWS\System32\IMM32.DLL
0x00007ff83dc90000 - 0x00007ff83dc9c000 	D:\Spring Tool Suite\sts-4.16.1.RELEASE\plugins\org.eclipse.justj.openjdk.hotspot.jre.full.win32.x86_64_17.0.4.v20221004-1257\jre\bin\vcruntime140_1.dll
0x00007ff831710000 - 0x00007ff8317a1000 	D:\Spring Tool Suite\sts-4.16.1.RELEASE\plugins\org.eclipse.justj.openjdk.hotspot.jre.full.win32.x86_64_17.0.4.v20221004-1257\jre\bin\msvcp140.dll
0x00007fffe74e0000 - 0x00007fffe8126000 	D:\Spring Tool Suite\sts-4.16.1.RELEASE\plugins\org.eclipse.justj.openjdk.hotspot.jre.full.win32.x86_64_17.0.4.v20221004-1257\jre\bin\server\jvm.dll
0x00007ff843e00000 - 0x00007ff843eae000 	C:\WINDOWS\System32\ADVAPI32.dll
0x00007ff8430a0000 - 0x00007ff843144000 	C:\WINDOWS\System32\sechost.dll
0x00007ff843540000 - 0x00007ff843655000 	C:\WINDOWS\System32\RPCRT4.dll
0x00007ff843520000 - 0x00007ff843528000 	C:\WINDOWS\System32\PSAPI.DLL
0x00007ff83b670000 - 0x00007ff83b6a4000 	C:\WINDOWS\SYSTEM32\WINMM.dll
0x00007ff82c010000 - 0x00007ff82c019000 	C:\WINDOWS\SYSTEM32\WSOCK32.dll
0x00007ff83a140000 - 0x00007ff83a14a000 	C:\WINDOWS\SYSTEM32\VERSION.dll
0x00007ff843690000 - 0x00007ff843701000 	C:\WINDOWS\System32\WS2_32.dll
0x00007ff8412a0000 - 0x00007ff8412b8000 	C:\WINDOWS\SYSTEM32\kernel.appcore.dll
0x00007ff8331a0000 - 0x00007ff8331aa000 	D:\Spring Tool Suite\sts-4.16.1.RELEASE\plugins\org.eclipse.justj.openjdk.hotspot.jre.full.win32.x86_64_17.0.4.v20221004-1257\jre\bin\jimage.dll
0x00007ff83fb60000 - 0x00007ff83fd8e000 	C:\WINDOWS\SYSTEM32\DBGHELP.DLL
0x00007ff844890000 - 0x00007ff844c1a000 	C:\WINDOWS\System32\combase.dll
0x00007ff842fa0000 - 0x00007ff843077000 	C:\WINDOWS\System32\OLEAUT32.dll
0x00007ff82a170000 - 0x00007ff82a1a2000 	C:\WINDOWS\SYSTEM32\dbgcore.DLL
0x00007ff842180000 - 0x00007ff8421fb000 	C:\WINDOWS\System32\bcryptPrimitives.dll
0x00007ff831090000 - 0x00007ff8310cb000 	D:\Spring Tool Suite\sts-4.16.1.RELEASE\plugins\org.eclipse.justj.openjdk.hotspot.jre.full.win32.x86_64_17.0.4.v20221004-1257\jre\bin\jdwp.dll
0x00007ff8377f0000 - 0x00007ff8377fe000 	D:\Spring Tool Suite\sts-4.16.1.RELEASE\plugins\org.eclipse.justj.openjdk.hotspot.jre.full.win32.x86_64_17.0.4.v20221004-1257\jre\bin\instrument.dll
0x00007ff831250000 - 0x00007ff831275000 	D:\Spring Tool Suite\sts-4.16.1.RELEASE\plugins\org.eclipse.justj.openjdk.hotspot.jre.full.win32.x86_64_17.0.4.v20221004-1257\jre\bin\java.dll
0x00007ff831230000 - 0x00007ff831248000 	D:\Spring Tool Suite\sts-4.16.1.RELEASE\plugins\org.eclipse.justj.openjdk.hotspot.jre.full.win32.x86_64_17.0.4.v20221004-1257\jre\bin\zip.dll
0x00007ff843fe0000 - 0x00007ff8447c0000 	C:\WINDOWS\System32\SHELL32.dll
0x00007ff840180000 - 0x00007ff840a45000 	C:\WINDOWS\SYSTEM32\windows.storage.dll
0x00007ff840040000 - 0x00007ff84017e000 	C:\WINDOWS\SYSTEM32\wintypes.dll
0x00007ff842e40000 - 0x00007ff842f31000 	C:\WINDOWS\System32\SHCORE.dll
0x00007ff842f40000 - 0x00007ff842f9e000 	C:\WINDOWS\System32\shlwapi.dll
0x00007ff8420b0000 - 0x00007ff8420d1000 	C:\WINDOWS\SYSTEM32\profapi.dll
0x00007ff8377e0000 - 0x00007ff8377ec000 	D:\Spring Tool Suite\sts-4.16.1.RELEASE\plugins\org.eclipse.justj.openjdk.hotspot.jre.full.win32.x86_64_17.0.4.v20221004-1257\jre\bin\dt_socket.dll
0x00007ff840d10000 - 0x00007ff840d3d000 	C:\WINDOWS\SYSTEM32\IPHLPAPI.DLL
0x00007ff841700000 - 0x00007ff841769000 	C:\WINDOWS\system32\mswsock.dll
0x00007ff840dd0000 - 0x00007ff840ec2000 	C:\WINDOWS\SYSTEM32\DNSAPI.dll
0x00007ff843530000 - 0x00007ff843539000 	C:\WINDOWS\System32\NSI.dll
0x00007ff830220000 - 0x00007ff83022a000 	C:\Windows\System32\rasadhlp.dll
0x00007ff83ad40000 - 0x00007ff83adc3000 	C:\WINDOWS\System32\fwpuclnt.dll
0x00007ff831190000 - 0x00007ff8311a9000 	D:\Spring Tool Suite\sts-4.16.1.RELEASE\plugins\org.eclipse.justj.openjdk.hotspot.jre.full.win32.x86_64_17.0.4.v20221004-1257\jre\bin\net.dll
0x00007ff83bb00000 - 0x00007ff83bc2f000 	C:\WINDOWS\SYSTEM32\WINHTTP.dll
0x00007ff831170000 - 0x00007ff831185000 	D:\Spring Tool Suite\sts-4.16.1.RELEASE\plugins\org.eclipse.justj.openjdk.hotspot.jre.full.win32.x86_64_17.0.4.v20221004-1257\jre\bin\nio.dll
0x00007ff83d5f0000 - 0x00007ff83d5f9000 	D:\Spring Tool Suite\sts-4.16.1.RELEASE\plugins\org.eclipse.justj.openjdk.hotspot.jre.full.win32.x86_64_17.0.4.v20221004-1257\jre\bin\management.dll
0x00007ff83ca90000 - 0x00007ff83ca9b000 	D:\Spring Tool Suite\sts-4.16.1.RELEASE\plugins\org.eclipse.justj.openjdk.hotspot.jre.full.win32.x86_64_17.0.4.v20221004-1257\jre\bin\management_ext.dll
0x00007ff81d9d0000 - 0x00007ff81d9e7000 	C:\WINDOWS\system32\napinsp.dll
0x00007ff81d9b0000 - 0x00007ff81d9cb000 	C:\WINDOWS\system32\pnrpnsp.dll
0x00007ff81d830000 - 0x00007ff81d841000 	C:\WINDOWS\System32\winrnr.dll
0x00007ff81d810000 - 0x00007ff81d825000 	C:\WINDOWS\system32\wshbth.dll
0x00007ff81d7e0000 - 0x00007ff81d801000 	C:\WINDOWS\system32\nlansp_c.dll
0x00007ff841920000 - 0x00007ff84193b000 	C:\WINDOWS\SYSTEM32\CRYPTSP.dll
0x00007ff841210000 - 0x00007ff841245000 	C:\WINDOWS\system32\rsaenh.dll
0x00007ff8417c0000 - 0x00007ff8417e8000 	C:\WINDOWS\SYSTEM32\USERENV.dll
0x00007ff841b20000 - 0x00007ff841b48000 	C:\WINDOWS\SYSTEM32\bcrypt.dll
0x00007ff841950000 - 0x00007ff84195c000 	C:\WINDOWS\SYSTEM32\CRYPTBASE.dll
0x00007ff83bad0000 - 0x00007ff83bae9000 	C:\WINDOWS\SYSTEM32\dhcpcsvc6.DLL
0x00007ff83b970000 - 0x00007ff83b98f000 	C:\WINDOWS\SYSTEM32\dhcpcsvc.DLL
0x00007ff81c0c0000 - 0x00007ff81c0d0000 	D:\Spring Tool Suite\sts-4.16.1.RELEASE\plugins\org.eclipse.justj.openjdk.hotspot.jre.full.win32.x86_64_17.0.4.v20221004-1257\jre\bin\verify.dll
0x00007ff833120000 - 0x00007ff83312e000 	D:\Spring Tool Suite\sts-4.16.1.RELEASE\plugins\org.eclipse.justj.openjdk.hotspot.jre.full.win32.x86_64_17.0.4.v20221004-1257\jre\bin\sunmscapi.dll
0x00007ff842940000 - 0x00007ff842aa6000 	C:\WINDOWS\System32\CRYPT32.dll
0x00007ff841af0000 - 0x00007ff841b1d000 	C:\WINDOWS\SYSTEM32\ncrypt.dll
0x00007ff841ab0000 - 0x00007ff841ae7000 	C:\WINDOWS\SYSTEM32\NTASN1.dll
0x00007ff833220000 - 0x00007ff833228000 	C:\WINDOWS\system32\wshunix.dll

dbghelp: loaded successfully - version: 4.0.5 - missing functions: none
symbol engine: initialized successfully - sym options: 0x614 - pdb path: .;D:\Spring Tool Suite\sts-4.16.1.RELEASE\plugins\org.eclipse.justj.openjdk.hotspot.jre.full.win32.x86_64_17.0.4.v20221004-1257\jre\bin;C:\WINDOWS\SYSTEM32;C:\WINDOWS\WinSxS\amd64_microsoft.windows.common-controls_6595b64144ccf1df_6.0.22621.608_none_a9444ca7c10bb01d;D:\Spring Tool Suite\sts-4.16.1.RELEASE\plugins\org.eclipse.justj.openjdk.hotspot.jre.full.win32.x86_64_17.0.4.v20221004-1257\jre\bin\server

VM Arguments:
jvm_args: -XX:+ShowCodeDetailsInExceptionMessages -agentlib:jdwp=transport=dt_socket,suspend=y,address=localhost:51969 -Dcom.sun.management.jmxremote -Dcom.sun.management.jmxremote.port=51968 -Dcom.sun.management.jmxremote.authenticate=false -Dcom.sun.management.jmxremote.ssl=false -Djava.rmi.server.hostname=localhost -Dspring.jmx.enabled=true -Dspring.application.admin.enabled=true -XX:TieredStopAtLevel=1 -Dspring.boot.project.name=sportyshoes -javaagent:D:\Spring Tool Suite\sts-4.16.1.RELEASE\configuration\org.eclipse.osgi\268\0\.cp\lib\javaagent-shaded.jar -Dfile.encoding=UTF-8 
java_command: com.simplilearn.sportyshoes.SportyshoesApplication --spring.output.ansi.enabled=always
java_class_path (initial): D:\Spring Tool Suite\Workspace\sportyshoes\target\classes;C:\Users\gvven\.m2\repository\org\springframework\boot\spring-boot-starter-jdbc\2.7.5\spring-boot-starter-jdbc-2.7.5.jar;C:\Users\gvven\.m2\repository\org\springframework\boot\spring-boot-starter\2.7.5\spring-boot-starter-2.7.5.jar;C:\Users\gvven\.m2\repository\org\springframework\boot\spring-boot-starter-logging\2.7.5\spring-boot-starter-logging-2.7.5.jar;C:\Users\gvven\.m2\repository\ch\qos\logback\logback-classic\1.2.11\logback-classic-1.2.11.jar;C:\Users\gvven\.m2\repository\ch\qos\logback\logback-core\1.2.11\logback-core-1.2.11.jar;C:\Users\gvven\.m2\repository\org\apache\logging\log4j\log4j-to-slf4j\2.17.2\log4j-to-slf4j-2.17.2.jar;C:\Users\gvven\.m2\repository\org\apache\logging\log4j\log4j-api\2.17.2\log4j-api-2.17.2.jar;C:\Users\gvven\.m2\repository\org\slf4j\jul-to-slf4j\1.7.36\jul-to-slf4j-1.7.36.jar;C:\Users\gvven\.m2\repository\org\yaml\snakeyaml\1.30\snakeyaml-1.30.jar;C:\Users\gvven\.m2\repository\com\zaxxer\HikariCP\4.0.3\HikariCP-4.0.3.jar;C:\Users\gvven\.m2\repository\org\slf4j\slf4j-api\1.7.36\slf4j-api-1.7.36.jar;C:\Users\gvven\.m2\repository\org\springframework\spring-jdbc\5.3.23\spring-jdbc-5.3.23.jar;C:\Users\gvven\.m2\repository\org\springframework\spring-beans\5.3.23\spring-beans-5.3.23.jar;C:\Users\gvven\.m2\repository\org\springframework\spring-tx\5.3.23\spring-tx-5.3.23.jar;C:\Users\gvven\.m2\repository\org\springframework\boot\spring-boot-starter-web\2.7.5\spring-boot-starter-web-2.7.5.jar;C:\Users\gvven\.m2\repository\org\springframework\boot\spring-boot-starter-json\2.7.5\spring-boot-starter-json-2.7.5.jar;C:\Users\gvven\.m2\repository\com\fasterxml\jackson\core\jackson-databind\2.13.4.2\jackson-databind-2.13.4.2.jar;C:\Users\gvven\.m2\repository\com\fasterxml\jackson\core\jackson-annotations\2.13.4\jackson-annotations-2.13.4.jar;C:\Users\gvven\.m2\repository\com\fasterxml\jackson\core\jackson-core\2.13.4\jackson-core-2.13.4.jar;C:\Users\gvven\.m2\re
Launcher Type: SUN_STANDARD

[Global flags]
     intx CICompilerCount                          = 4                                         {product} {ergonomic}
     uint ConcGCThreads                            = 2                                         {product} {ergonomic}
     uint G1ConcRefinementThreads                  = 8                                         {product} {ergonomic}
   size_t G1HeapRegionSize                         = 1048576                                   {product} {ergonomic}
    uintx GCDrainStackTargetSize                   = 64                                        {product} {ergonomic}
   size_t InitialHeapSize                          = 132120576                                 {product} {ergonomic}
     bool ManagementServer                         = true                                      {product} {command line}
   size_t MarkStackSize                            = 4194304                                   {product} {ergonomic}
   size_t MaxHeapSize                              = 2105540608                                {product} {ergonomic}
   size_t MaxNewSize                               = 1262485504                                {product} {ergonomic}
   size_t MinHeapDeltaBytes                        = 1048576                                   {product} {ergonomic}
   size_t MinHeapSize                              = 8388608                                   {product} {ergonomic}
    uintx NonProfiledCodeHeapSize                  = 0                                      {pd product} {ergonomic}
     bool ProfileInterpreter                       = false                                  {pd product} {command line}
    uintx ProfiledCodeHeapSize                     = 0                                      {pd product} {ergonomic}
     bool ShowCodeDetailsInExceptionMessages       = true                                   {manageable} {command line}
   size_t SoftMaxHeapSize                          = 2105540608                             {manageable} {ergonomic}
     intx TieredStopAtLevel                        = 1                                         {product} {command line}
     bool UseCompressedClassPointers               = true                           {product lp64_product} {ergonomic}
     bool UseCompressedOops                        = true                           {product lp64_product} {ergonomic}
     bool UseG1GC                                  = true                                      {product} {ergonomic}
     bool UseLargePagesIndividualAllocation        = false                                  {pd product} {ergonomic}

Logging:
Log output configuration:
 #0: stdout all=warning uptime,level,tags
 #1: stderr all=off uptime,level,tags

Environment Variables:
JAVA_HOME=C:\Program Files\Java\jdk-17.0.2
PATH=D:\Spring Tool Suite\sts-4.16.1.RELEASE\plugins\org.eclipse.justj.openjdk.hotspot.jre.full.win32.x86_64_17.0.4.v20221004-1257\jre\bin;D:/Spring Tool Suite/sts-4.16.1.RELEASE//plugins/org.eclipse.justj.openjdk.hotspot.jre.full.win32.x86_64_17.0.4.v20221004-1257/jre/bin/server;D:/Spring Tool Suite/sts-4.16.1.RELEASE//plugins/org.eclipse.justj.openjdk.hotspot.jre.full.win32.x86_64_17.0.4.v20221004-1257/jre/bin;C:\Program Files\Common Files\Oracle\Java\javapath;C:\Windows\system32;C:\Windows;C:\Windows\System32\Wbem;C:\Windows\System32\WindowsPowerShell\v1.0\;C:\Windows\System32\OpenSSH\;C:\Program Files (x86)\NVIDIA Corporation\PhysX\Common;C:\Program Files\NVIDIA Corporation\NVIDIA NvDLISR;C:\Program Files\Java\jdk-17.0.2\bin;C:\WINDOWS\system32;C:\WINDOWS;C:\WINDOWS\System32\Wbem;C:\WINDOWS\System32\WindowsPowerShell\v1.0\;C:\WINDOWS\System32\OpenSSH\;C:\Program Files (x86)\IBM\Client Access\Shared;C:\Program Files (x86)\IBM\Client Access\;C:\ProgramData\chocolatey\bin;C:\Program Files\nodejs\;C:\Program Files\apache-maven-3.8.4\bin;C:\Program Files\Microsoft VS Code\bin;C:\Program Files\Git\cmd;C:\Program Files\MySQL\MySQL Shell 8.0\bin\;C:\Users\gvven\AppData\Local\Microsoft\WindowsApps;C:\tools\dart-sdk\bin;C:\Users\gvven\AppData\Roaming\Pub\Cache\bin;C:\Users\gvven\AppData\Roaming\npm;;D:\Spring Tool Suite\sts-4.16.1.RELEASE;
USERNAME=GV Venkatesh
OS=Windows_NT
PROCESSOR_IDENTIFIER=Intel64 Family 6 Model 165 Stepping 2, GenuineIntel
TMP=C:\Users\gvven\AppData\Local\Temp
TEMP=C:\Users\gvven\AppData\Local\Temp



---------------  S Y S T E M  ---------------

OS:
 Windows 11 , 64 bit Build 22621 (10.0.22621.755)
OS uptime: 14 days 11:48 hours
Hyper-V role detected

CPU: total 8 (initial active 8) (4 cores per cpu, 2 threads per core) family 6 model 165 stepping 2 microcode 0xe0, cx8, cmov, fxsr, ht, mmx, 3dnowpref, sse, sse2, sse3, ssse3, sse4.1, sse4.2, popcnt, lzcnt, tsc, tscinvbit, avx, avx2, aes, erms, clmul, bmi1, bmi2, adx, fma, vzeroupper, clflush, clflushopt, hv

Memory: 4k page, system-wide physical 8029M (1089M free)
TotalPageFile size 12637M (AvailPageFile size 2070M)
current process WorkingSet (physical memory assigned to process): 193M, peak: 193M
current process commit charge ("private bytes"): 221M, peak: 231M

vm_info: OpenJDK 64-Bit Server VM (17.0.4.1+1) for windows-amd64 JRE (17.0.4.1+1), built on Aug 17 2022 07:42:43 by "temurin" with MS VC++ 16.7 (VS2019)

END.
